<?xml version="1.0" encoding="UTF-8"?>
<!-- Generated by org.testng.reporters.JUnitReportReporter -->
<testsuite hostname="Tej_Praneeth" failures="0" tests="1" name="com.WA.WhatsAppAutomationTest" time="0.007" errors="0" timestamp="2025-01-02T20:21:05 IST" skipped="0">
  <testcase classname="com.WA.WhatsAppAutomationTest" name="testLastMessageRetrieval" time="0.007"/>
  <system-out/>
</testsuite> <!-- com.WA.WhatsAppAutomationTest -->
